#
# There is insufficient memory for the Java Runtime Environment to continue.
# Native memory allocation (malloc) failed to allocate 1048576 bytes for AllocateHeap
# Possible reasons:
#   The system is out of physical RAM or swap space
#   In 32 bit mode, the process size limit was hit
# Possible solutions:
#   Reduce memory load on the system
#   Increase physical memory or swap space
#   Check if swap backing store is full
#   Use 64 bit Java on a 64 bit OS
#   Decrease Java heap size (-Xmx/-Xms)
#   Decrease number of Java threads
#   Decrease Java thread stack sizes (-Xss)
#   Set larger code cache with -XX:ReservedCodeCacheSize=
# This output file may be truncated or incomplete.
#
#  Out of Memory Error (memory/allocation.inline.hpp:61), pid=16216, tid=0x0000000000003ec4
#
# JRE version:  (8.0) (build )
# Java VM: OpenJDK 64-Bit Server VM (25.71-b00 mixed mode windows-amd64 compressed oops)
# Failed to write core dump. Minidumps are not enabled by default on client versions of Windows
#

---------------  T H R E A D  ---------------

Current thread (0x0000000002f64800):  JavaThread "Unknown thread" [_thread_in_vm, id=16068, stack(0x0000000001670000,0x0000000001770000)]

Stack: [0x0000000001670000,0x0000000001770000]
[error occurred during error reporting (printing stack bounds), id 0xc0000005]

Native frames: (J=compiled Java code, j=interpreted, Vv=VM code, C=native code)


---------------  P R O C E S S  ---------------

Java Threads: ( => current thread )

Other Threads:

=>0x0000000002f64800 (exited) JavaThread "Unknown thread" [_thread_in_vm, id=16068, stack(0x0000000001670000,0x0000000001770000)]

VM state:not at safepoint (normal execution)

VM Mutex/Monitor currently owned by a thread: None

Heap:
 PSYoungGen      total 18432K, used 317K [0x00000000eb980000, 0x00000000ece00000, 0x0000000100000000)
  eden space 15872K, 2% used [0x00000000eb980000,0x00000000eb9cf5d0,0x00000000ec900000)
  from space 2560K, 0% used [0x00000000ecb80000,0x00000000ecb80000,0x00000000ece00000)
  to   space 2560K, 0% used [0x00000000ec900000,0x00000000ec900000,0x00000000ecb80000)
 ParOldGen       total 42496K, used 0K [0x00000000c2c00000, 0x00000000c5580000, 0x00000000eb980000)
  object space 42496K, 0% used [0x00000000c2c00000,0x00000000c2c00000,0x00000000c5580000)
 Metaspace       used 777K, capacity 4480K, committed 4480K, reserved 1056768K
  class space    used 74K, capacity 384K, committed 384K, reserved 1048576K

Card table byte_map: [0x0000000012650000,0x0000000012840000] byte_map_base: 0x000000001203a000

Marking Bits: (ParMarkBitMap*) 0x000000006c50be50
 Begin Bits: [0x0000000012c40000, 0x0000000013b90000)
 End Bits:   [0x0000000013b90000, 0x0000000014ae0000)

Polling page: 0x0000000001260000

CodeCache: size=245760Kb used=327Kb max_used=327Kb free=245432Kb
 bounds [0x0000000003290000, 0x0000000003500000, 0x0000000012290000]
 total_blobs=56 nmethods=0 adapters=38
 compilation: enabled

Compilation events (0 events):
No events

GC Heap History (0 events):
No events

Deoptimization events (0 events):
No events

Classes redefined (0 events):
No events

Internal exceptions (0 events):
No events

Events (10 events):
Event: 0.034 loading class java/lang/Short
Event: 0.034 loading class java/lang/Short done
Event: 0.034 loading class java/lang/Integer
Event: 0.035 loading class java/lang/Integer done
Event: 0.035 loading class java/lang/Long
Event: 0.035 loading class java/lang/Long done
Event: 0.036 loading class java/lang/NullPointerException
Event: 0.036 loading class java/lang/NullPointerException done
Event: 0.036 loading class java/lang/ArithmeticException
Event: 0.036 loading class java/lang/ArithmeticException done


Dynamic libraries:
0x00007ff6b9270000 - 0x00007ff6b92a5000 	C:\Program1\Unity\2020.3.22f1\Editor\Data\PlaybackEngines\AndroidPlayer\OpenJDK\bin\java.exe
0x00007ffea38e0000 - 0x00007ffea3ae9000 	C:\WINDOWS\SYSTEM32\ntdll.dll
0x00007ffea2ed0000 - 0x00007ffea2f8d000 	C:\WINDOWS\System32\KERNEL32.DLL
0x00007ffea1170000 - 0x00007ffea14e9000 	C:\WINDOWS\System32\KERNELBASE.dll
0x00007ffea2f90000 - 0x00007ffea303e000 	C:\WINDOWS\System32\ADVAPI32.dll
0x00007ffea3260000 - 0x00007ffea3303000 	C:\WINDOWS\System32\msvcrt.dll
0x00007ffea2760000 - 0x00007ffea27fe000 	C:\WINDOWS\System32\sechost.dll
0x00007ffea17a0000 - 0x00007ffea18c0000 	C:\WINDOWS\System32\RPCRT4.dll
0x00007ffea2800000 - 0x00007ffea29ac000 	C:\WINDOWS\System32\USER32.dll
0x00007ffea0e70000 - 0x00007ffea0e96000 	C:\WINDOWS\System32\win32u.dll
0x00007ffea2a30000 - 0x00007ffea2a59000 	C:\WINDOWS\System32\GDI32.dll
0x00007ffea0ea0000 - 0x00007ffea0fb2000 	C:\WINDOWS\System32\gdi32full.dll
0x00007ffea0dd0000 - 0x00007ffea0e6d000 	C:\WINDOWS\System32\msvcp_win.dll
0x00007ffea1660000 - 0x00007ffea1771000 	C:\WINDOWS\System32\ucrtbase.dll
0x00007ffe8e4d0000 - 0x00007ffe8e775000 	C:\WINDOWS\WinSxS\amd64_microsoft.windows.common-controls_6595b64144ccf1df_6.0.22000.120_none_9d947278b86cc467\COMCTL32.dll
0x00007ffea21a0000 - 0x00007ffea21d1000 	C:\WINDOWS\System32\IMM32.DLL
0x000000006c590000 - 0x000000006c662000 	C:\Program1\Unity\2020.3.22f1\Editor\Data\PlaybackEngines\AndroidPlayer\OpenJDK\jre\bin\msvcr100.dll
0x000000006bd40000 - 0x000000006c589000 	C:\Program1\Unity\2020.3.22f1\Editor\Data\PlaybackEngines\AndroidPlayer\OpenJDK\jre\bin\server\jvm.dll
0x00007ffea3250000 - 0x00007ffea3258000 	C:\WINDOWS\System32\PSAPI.DLL
0x00007ffe3fff0000 - 0x00007ffe3fff9000 	C:\WINDOWS\SYSTEM32\WSOCK32.dll
0x00007ffea29b0000 - 0x00007ffea2a1f000 	C:\WINDOWS\System32\WS2_32.dll
0x00007ffe976a0000 - 0x00007ffe976aa000 	C:\WINDOWS\SYSTEM32\VERSION.dll
0x00007ffe98200000 - 0x00007ffe98233000 	C:\WINDOWS\SYSTEM32\WINMM.dll
0x00007ffe9d770000 - 0x00007ffe9d77f000 	C:\Program1\Unity\2020.3.22f1\Editor\Data\PlaybackEngines\AndroidPlayer\OpenJDK\jre\bin\verify.dll
0x00007ffe983c0000 - 0x00007ffe983e9000 	C:\Program1\Unity\2020.3.22f1\Editor\Data\PlaybackEngines\AndroidPlayer\OpenJDK\jre\bin\java.dll
0x00007ffe9c9c0000 - 0x00007ffe9c9d6000 	C:\Program1\Unity\2020.3.22f1\Editor\Data\PlaybackEngines\AndroidPlayer\OpenJDK\jre\bin\zip.dll

VM Arguments:
jvm_args: -Dfile.encoding=UTF-8 -Dcom.android.sdklib.toolsdir=C:\Program1\Unity\2020.3.22f1\Editor\Data\PlaybackEngines\AndroidPlayer\SDK\tools\bin\\.. 
java_command: com.android.sdklib.tool.sdkmanager.SdkManagerCli --list
java_class_path (initial): C:\Program1\Unity\2020.3.22f1\Editor\Data\PlaybackEngines\AndroidPlayer\SDK\tools\bin\..\lib\dvlib-26.0.0-dev.jar;C:\Program1\Unity\2020.3.22f1\Editor\Data\PlaybackEngines\AndroidPlayer\SDK\tools\bin\..\lib\jimfs-1.1.jar;C:\Program1\Unity\2020.3.22f1\Editor\Data\PlaybackEngines\AndroidPlayer\SDK\tools\bin\..\lib\jsr305-1.3.9.jar;C:\Program1\Unity\2020.3.22f1\Editor\Data\PlaybackEngines\AndroidPlayer\SDK\tools\bin\..\lib\repository-26.0.0-dev.jar;C:\Program1\Unity\2020.3.22f1\Editor\Data\PlaybackEngines\AndroidPlayer\SDK\tools\bin\..\lib\j2objc-annotations-1.1.jar;C:\Program1\Unity\2020.3.22f1\Editor\Data\PlaybackEngines\AndroidPlayer\SDK\tools\bin\..\lib\layoutlib-api-26.0.0-dev.jar;C:\Program1\Unity\2020.3.22f1\Editor\Data\PlaybackEngines\AndroidPlayer\SDK\tools\bin\..\lib\gson-2.3.jar;C:\Program1\Unity\2020.3.22f1\Editor\Data\PlaybackEngines\AndroidPlayer\SDK\tools\bin\..\lib\httpcore-4.2.5.jar;C:\Program1\Unity\2020.3.22f1\Editor\Data\PlaybackEngines\AndroidPlayer\SDK\tools\bin\..\lib\commons-logging-1.1.1.jar;C:\Program1\Unity\2020.3.22f1\Editor\Data\PlaybackEngines\AndroidPlayer\SDK\tools\bin\..\lib\commons-compress-1.12.jar;C:\Program1\Unity\2020.3.22f1\Editor\Data\PlaybackEngines\AndroidPlayer\SDK\tools\bin\..\lib\annotations-26.0.0-dev.jar;C:\Program1\Unity\2020.3.22f1\Editor\Data\PlaybackEngines\AndroidPlayer\SDK\tools\bin\..\lib\error_prone_annotations-2.0.18.jar;C:\Program1\Unity\2020.3.22f1\Editor\Data\PlaybackEngines\AndroidPlayer\SDK\tools\bin\..\lib\animal-sniffer-annotations-1.14.jar;C:\Program1\Unity\2020.3.22f1\Editor\Data\PlaybackEngines\AndroidPlayer\SDK\tools\bin\..\lib\httpclient-4.2.6.jar;C:\Program1\Unity\2020.3.22f1\Editor\Data\PlaybackEngines\AndroidPlayer\SDK\tools\bin\..\lib\commons-codec-1.6.jar;C:\Program1\Unity\2020.3.22f1\Editor\Data\PlaybackEngines\AndroidPlayer\SDK\tools\bin\..\lib\common-26.0.0-dev.jar;C:\Program1\Unity\2020.3.22f1\Editor\Data\PlaybackEngines\AndroidPlayer\SDK\tools\bin\..\lib\kxml2-2.3
Launcher Type: SUN_STANDARD

Environment Variables:
JAVA_HOME=C:\Program1\Unity\2020.3.22f1\Editor\Data\PlaybackEngines\AndroidPlayer\OpenJDK
JAVA_TOOL_OPTIONS=-Dfile.encoding=UTF-8
PATH=C:\Program Files\ImageMagick-7.0.11-Q16-HDRI;C:\WINDOWS\system32;C:\WINDOWS;C:\WINDOWS\System32\Wbem;C:\WINDOWS\System32\WindowsPowerShell\v1.0\;C:\WINDOWS\System32\OpenSSH\;C:\Program Files\dotnet\;C:\Program Files\MySQL\MySQL Shell 8.0\bin\;C:\Users\WE ARE LEGION\AppData\Local\Programs\Python\Python39\Scripts\;C:\Users\WE ARE LEGION\AppData\Local\Programs\Python\Python39\;C:\Users\WE ARE LEGION\AppData\Local\Microsoft\WindowsApps;C:\Users\WE ARE LEGION\.dotnet\tools;C:\Users\WE ARE LEGION\AppData\Local\GitHubDesktop\bin
USERNAME=WE ARE LEGION
OS=Windows_NT
PROCESSOR_IDENTIFIER=Intel64 Family 6 Model 122 Stepping 1, GenuineIntel



---------------  S Y S T E M  ---------------

OS: Windows 10.0 , 64 bit Build 22000 (10.0.22000.675)

CPU:total 4 (initial active 4) (4 cores per cpu, 1 threads per core) family 6 model 122 stepping 1, cmov, cx8, fxsr, mmx, sse, sse2, sse3, ssse3, sse4.1, sse4.2, popcnt, aes, clmul, erms, 3dnowpref, tsc, tscinvbit

Memory: 4k page, physical 4012684k(354464k free), swap 8206988k(5516k free)

vm_info: OpenJDK 64-Bit Server VM (25.71-b00) for windows-amd64 JRE (1.8.0-adoptopenjdk-_2018_05_19_00_59-b00), built on May 19 2018 01:02:12 by "jenkins" with MS VC++ 10.0 (VS2010)

time: Fri May 27 13:06:49 2022
elapsed time: 0 seconds (0d 0h 0m 0s)

