#
# There is insufficient memory for the Java Runtime Environment to continue.
# Native memory allocation (malloc) failed to allocate 1127056 bytes for Chunk::new
# Possible reasons:
#   The system is out of physical RAM or swap space
#   In 32 bit mode, the process size limit was hit
# Possible solutions:
#   Reduce memory load on the system
#   Increase physical memory or swap space
#   Check if swap backing store is full
#   Use 64 bit Java on a 64 bit OS
#   Decrease Java heap size (-Xmx/-Xms)
#   Decrease number of Java threads
#   Decrease Java thread stack sizes (-Xss)
#   Set larger code cache with -XX:ReservedCodeCacheSize=
# This output file may be truncated or incomplete.
#
#  Out of Memory Error (allocation.cpp:390), pid=4348, tid=0x0000000000002748
#
# JRE version: OpenJDK Runtime Environment (8.0) (build 1.8.0-adoptopenjdk-_2018_05_19_00_59-b00)
# Java VM: OpenJDK 64-Bit Server VM (25.71-b00 mixed mode windows-amd64 compressed oops)
# Failed to write core dump. Minidumps are not enabled by default on client versions of Windows
#

---------------  T H R E A D  ---------------

Current thread (0x000000001577c000):  JavaThread "C2 CompilerThread0" daemon [_thread_in_native, id=10056, stack(0x0000000016df0000,0x0000000016ef0000)]

Stack: [0x0000000016df0000,0x0000000016ef0000]
[error occurred during error reporting (printing stack bounds), id 0xc0000005]

Native frames: (J=compiled Java code, j=interpreted, Vv=VM code, C=native code)


Current CompileTask:
C2:   5974 2477       4       com.sun.org.apache.xerces.internal.impl.XMLNSDocumentScannerImpl::scanStartElement (1026 bytes)


---------------  P R O C E S S  ---------------

Java Threads: ( => current thread )
  0x0000000017e13000 JavaThread "Keep-Alive-Timer" daemon [_thread_blocked, id=12284, stack(0x0000000019a00000,0x0000000019b00000)]
  0x000000001711b800 JavaThread "Service Thread" daemon [_thread_blocked, id=4456, stack(0x00000000174f0000,0x00000000175f0000)]
  0x0000000015782800 JavaThread "C1 CompilerThread2" daemon [_thread_blocked, id=3704, stack(0x0000000016ff0000,0x00000000170f0000)]
  0x000000001577f000 JavaThread "C2 CompilerThread1" daemon [_thread_in_native, id=4480, stack(0x0000000016ef0000,0x0000000016ff0000)]
=>0x000000001577c000 JavaThread "C2 CompilerThread0" daemon [_thread_in_native, id=10056, stack(0x0000000016df0000,0x0000000016ef0000)]
  0x000000001577a800 JavaThread "Attach Listener" daemon [_thread_blocked, id=4696, stack(0x0000000016cf0000,0x0000000016df0000)]
  0x0000000015779000 JavaThread "Signal Dispatcher" daemon [_thread_blocked, id=9744, stack(0x0000000016bf0000,0x0000000016cf0000)]
  0x000000001575e000 JavaThread "Finalizer" daemon [_thread_blocked, id=156, stack(0x00000000169e0000,0x0000000016ae0000)]
  0x0000000003234000 JavaThread "Reference Handler" daemon [_thread_blocked, id=2444, stack(0x00000000168e0000,0x00000000169e0000)]
  0x0000000003144800 JavaThread "main" [_thread_in_native, id=10208, stack(0x0000000003040000,0x0000000003140000)]

Other Threads:
  0x0000000015735800 VMThread [stack: 0x00000000167e0000,0x00000000168e0000] [id=1136]
  0x000000001711c000 WatcherThread [stack: 0x00000000175f0000,0x00000000176f0000] [id=11756]

VM state:not at safepoint (normal execution)

VM Mutex/Monitor currently owned by a thread: None

Heap:
 PSYoungGen      total 21504K, used 18829K [0x00000000eb980000, 0x00000000ed400000, 0x0000000100000000)
  eden space 15872K, 100% used [0x00000000eb980000,0x00000000ec900000,0x00000000ec900000)
  from space 5632K, 52% used [0x00000000ece80000,0x00000000ed1636f8,0x00000000ed400000)
  to   space 5632K, 0% used [0x00000000ec900000,0x00000000ec900000,0x00000000ece80000)
 ParOldGen       total 42496K, used 5574K [0x00000000c2c00000, 0x00000000c5580000, 0x00000000eb980000)
  object space 42496K, 13% used [0x00000000c2c00000,0x00000000c3171b60,0x00000000c5580000)
 Metaspace       used 17282K, capacity 17740K, committed 18048K, reserved 1064960K
  class space    used 1964K, capacity 2082K, committed 2176K, reserved 1048576K

Card table byte_map: [0x0000000012600000,0x00000000127f0000] byte_map_base: 0x0000000011fea000

Marking Bits: (ParMarkBitMap*) 0x0000000069d3be50
 Begin Bits: [0x0000000012d40000, 0x0000000013c90000)
 End Bits:   [0x0000000013c90000, 0x0000000014be0000)

Polling page: 0x00000000013c0000

CodeCache: size=245760Kb used=8996Kb max_used=8996Kb free=236763Kb
 bounds [0x0000000003240000, 0x0000000003b10000, 0x0000000012240000]
 total_blobs=2962 nmethods=2547 adapters=329
 compilation: enabled

Compilation events (10 events):
Event: 5.953 Thread 0x0000000015782800 2547       3       java.util.concurrent.locks.ReentrantReadWriteLock$WriteLock::<init> (13 bytes)
Event: 5.953 Thread 0x0000000015782800 nmethod 2547 0x0000000003b0b710 code [0x0000000003b0b880, 0x0000000003b0ba50]
Event: 5.953 Thread 0x0000000015782800 2548       1       com.sun.xml.internal.bind.v2.model.impl.SingleTypePropertyInfoImpl::getAccessor (5 bytes)
Event: 5.953 Thread 0x0000000015782800 nmethod 2548 0x0000000003b0bb10 code [0x0000000003b0bc60, 0x0000000003b0bd70]
Event: 5.953 Thread 0x0000000015782800 2549       3       java.util.WeakHashMap::getEntry (72 bytes)
Event: 5.954 Thread 0x0000000015782800 nmethod 2549 0x0000000003b0bdd0 code [0x0000000003b0bfa0, 0x0000000003b0c828]
Event: 5.961 Thread 0x0000000015782800 2550       3       com.sun.xml.internal.bind.v2.model.impl.RuntimeBuiltinLeafInfoImpl::getTransducer (2 bytes)
Event: 5.961 Thread 0x0000000015782800 nmethod 2550 0x0000000003b0cb90 code [0x0000000003b0cce0, 0x0000000003b0ce30]
Event: 5.963 Thread 0x0000000015782800 2551   !   3       com.sun.xml.internal.bind.v2.runtime.reflect.opt.Injector::<init> (103 bytes)
Event: 5.964 Thread 0x0000000015782800 nmethod 2551 0x0000000003b0ce90 code [0x0000000003b0d060, 0x0000000003b0d848]

GC Heap History (10 events):
Event: 2.271 GC heap before
{Heap before GC invocations=2 (full 0):
 PSYoungGen      total 18432K, used 18427K [0x00000000eb980000, 0x00000000ece00000, 0x0000000100000000)
  eden space 15872K, 100% used [0x00000000eb980000,0x00000000ec900000,0x00000000ec900000)
  from space 2560K, 99% used [0x00000000ec900000,0x00000000ecb7ed58,0x00000000ecb80000)
  to   space 2560K, 0% used [0x00000000ecb80000,0x00000000ecb80000,0x00000000ece00000)
 ParOldGen       total 42496K, used 934K [0x00000000c2c00000, 0x00000000c5580000, 0x00000000eb980000)
  object space 42496K, 2% used [0x00000000c2c00000,0x00000000c2ce9a08,0x00000000c5580000)
 Metaspace       used 15535K, capacity 15940K, committed 16128K, reserved 1062912K
  class space    used 1832K, capacity 1982K, committed 2048K, reserved 1048576K
Event: 2.281 GC heap after
Heap after GC invocations=2 (full 0):
 PSYoungGen      total 18432K, used 2544K [0x00000000eb980000, 0x00000000ece00000, 0x0000000100000000)
  eden space 15872K, 0% used [0x00000000eb980000,0x00000000eb980000,0x00000000ec900000)
  from space 2560K, 99% used [0x00000000ecb80000,0x00000000ecdfc280,0x00000000ece00000)
  to   space 2560K, 0% used [0x00000000ec900000,0x00000000ec900000,0x00000000ecb80000)
 ParOldGen       total 42496K, used 3344K [0x00000000c2c00000, 0x00000000c5580000, 0x00000000eb980000)
  object space 42496K, 7% used [0x00000000c2c00000,0x00000000c2f44378,0x00000000c5580000)
 Metaspace       used 15535K, capacity 15940K, committed 16128K, reserved 1062912K
  class space    used 1832K, capacity 1982K, committed 2048K, reserved 1048576K
}
Event: 3.389 GC heap before
{Heap before GC invocations=3 (full 0):
 PSYoungGen      total 18432K, used 18393K [0x00000000eb980000, 0x00000000ece00000, 0x0000000100000000)
  eden space 15872K, 99% used [0x00000000eb980000,0x00000000ec8fa2f0,0x00000000ec900000)
  from space 2560K, 99% used [0x00000000ecb80000,0x00000000ecdfc280,0x00000000ece00000)
  to   space 2560K, 0% used [0x00000000ec900000,0x00000000ec900000,0x00000000ecb80000)
 ParOldGen       total 42496K, used 3344K [0x00000000c2c00000, 0x00000000c5580000, 0x00000000eb980000)
  object space 42496K, 7% used [0x00000000c2c00000,0x00000000c2f44378,0x00000000c5580000)
 Metaspace       used 16957K, capacity 17348K, committed 17536K, reserved 1064960K
  class space    used 1956K, capacity 2070K, committed 2176K, reserved 1048576K
Event: 3.396 GC heap after
Heap after GC invocations=3 (full 0):
 PSYoungGen      total 18432K, used 2542K [0x00000000eb980000, 0x00000000ece00000, 0x0000000100000000)
  eden space 15872K, 0% used [0x00000000eb980000,0x00000000eb980000,0x00000000ec900000)
  from space 2560K, 99% used [0x00000000ec900000,0x00000000ecb7bb60,0x00000000ecb80000)
  to   space 2560K, 0% used [0x00000000ecb80000,0x00000000ecb80000,0x00000000ece00000)
 ParOldGen       total 42496K, used 4872K [0x00000000c2c00000, 0x00000000c5580000, 0x00000000eb980000)
  object space 42496K, 11% used [0x00000000c2c00000,0x00000000c30c2388,0x00000000c5580000)
 Metaspace       used 16957K, capacity 17348K, committed 17536K, reserved 1064960K
  class space    used 1956K, capacity 2070K, committed 2176K, reserved 1048576K
}
Event: 3.861 GC heap before
{Heap before GC invocations=4 (full 0):
 PSYoungGen      total 18432K, used 18414K [0x00000000eb980000, 0x00000000ece00000, 0x0000000100000000)
  eden space 15872K, 100% used [0x00000000eb980000,0x00000000ec900000,0x00000000ec900000)
  from space 2560K, 99% used [0x00000000ec900000,0x00000000ecb7bb60,0x00000000ecb80000)
  to   space 2560K, 0% used [0x00000000ecb80000,0x00000000ecb80000,0x00000000ece00000)
 ParOldGen       total 42496K, used 4872K [0x00000000c2c00000, 0x00000000c5580000, 0x00000000eb980000)
  object space 42496K, 11% used [0x00000000c2c00000,0x00000000c30c2388,0x00000000c5580000)
 Metaspace       used 17015K, capacity 17424K, committed 17792K, reserved 1064960K
  class space    used 1957K, capacity 2072K, committed 2176K, reserved 1048576K
Event: 3.866 GC heap after
Heap after GC invocations=4 (full 0):
 PSYoungGen      total 18432K, used 2550K [0x00000000eb980000, 0x00000000ece00000, 0x0000000100000000)
  eden space 15872K, 0% used [0x00000000eb980000,0x00000000eb980000,0x00000000ec900000)
  from space 2560K, 99% used [0x00000000ecb80000,0x00000000ecdfd808,0x00000000ece00000)
  to   space 2560K, 0% used [0x00000000ec900000,0x00000000ec900000,0x00000000ecb80000)
 ParOldGen       total 42496K, used 5336K [0x00000000c2c00000, 0x00000000c5580000, 0x00000000eb980000)
  object space 42496K, 12% used [0x00000000c2c00000,0x00000000c3136030,0x00000000c5580000)
 Metaspace       used 17015K, capacity 17424K, committed 17792K, reserved 1064960K
  class space    used 1957K, capacity 2072K, committed 2176K, reserved 1048576K
}
Event: 4.497 GC heap before
{Heap before GC invocations=5 (full 0):
 PSYoungGen      total 18432K, used 18422K [0x00000000eb980000, 0x00000000ece00000, 0x0000000100000000)
  eden space 15872K, 100% used [0x00000000eb980000,0x00000000ec900000,0x00000000ec900000)
  from space 2560K, 99% used [0x00000000ecb80000,0x00000000ecdfd808,0x00000000ece00000)
  to   space 2560K, 0% used [0x00000000ec900000,0x00000000ec900000,0x00000000ecb80000)
 ParOldGen       total 42496K, used 5336K [0x00000000c2c00000, 0x00000000c5580000, 0x00000000eb980000)
  object space 42496K, 12% used [0x00000000c2c00000,0x00000000c3136030,0x00000000c5580000)
 Metaspace       used 17071K, capacity 17512K, committed 17792K, reserved 1064960K
  class space    used 1959K, capacity 2076K, committed 2176K, reserved 1048576K
Event: 4.508 GC heap after
Heap after GC invocations=5 (full 0):
 PSYoungGen      total 18432K, used 2547K [0x00000000eb980000, 0x00000000ed400000, 0x0000000100000000)
  eden space 15872K, 0% used [0x00000000eb980000,0x00000000eb980000,0x00000000ec900000)
  from space 2560K, 99% used [0x00000000ec900000,0x00000000ecb7ce20,0x00000000ecb80000)
  to   space 5632K, 0% used [0x00000000ece80000,0x00000000ece80000,0x00000000ed400000)
 ParOldGen       total 42496K, used 5566K [0x00000000c2c00000, 0x00000000c5580000, 0x00000000eb980000)
  object space 42496K, 13% used [0x00000000c2c00000,0x00000000c316fb60,0x00000000c5580000)
 Metaspace       used 17071K, capacity 17512K, committed 17792K, reserved 1064960K
  class space    used 1959K, capacity 2076K, committed 2176K, reserved 1048576K
}
Event: 5.290 GC heap before
{Heap before GC invocations=6 (full 0):
 PSYoungGen      total 18432K, used 18419K [0x00000000eb980000, 0x00000000ed400000, 0x0000000100000000)
  eden space 15872K, 100% used [0x00000000eb980000,0x00000000ec900000,0x00000000ec900000)
  from space 2560K, 99% used [0x00000000ec900000,0x00000000ecb7ce20,0x00000000ecb80000)
  to   space 5632K, 0% used [0x00000000ece80000,0x00000000ece80000,0x00000000ed400000)
 ParOldGen       total 42496K, used 5566K [0x00000000c2c00000, 0x00000000c5580000, 0x00000000eb980000)
  object space 42496K, 13% used [0x00000000c2c00000,0x00000000c316fb60,0x00000000c5580000)
 Metaspace       used 17128K, capacity 17576K, committed 17792K, reserved 1064960K
  class space    used 1959K, capacity 2076K, committed 2176K, reserved 1048576K
Event: 5.296 GC heap after
Heap after GC invocations=6 (full 0):
 PSYoungGen      total 21504K, used 2957K [0x00000000eb980000, 0x00000000ed400000, 0x0000000100000000)
  eden space 15872K, 0% used [0x00000000eb980000,0x00000000eb980000,0x00000000ec900000)
  from space 5632K, 52% used [0x00000000ece80000,0x00000000ed1636f8,0x00000000ed400000)
  to   space 5632K, 0% used [0x00000000ec900000,0x00000000ec900000,0x00000000ece80000)
 ParOldGen       total 42496K, used 5574K [0x00000000c2c00000, 0x00000000c5580000, 0x00000000eb980000)
  object space 42496K, 13% used [0x00000000c2c00000,0x00000000c3171b60,0x00000000c5580000)
 Metaspace       used 17128K, capacity 17576K, committed 17792K, reserved 1064960K
  class space    used 1959K, capacity 2076K, committed 2176K, reserved 1048576K
}

Deoptimization events (10 events):
Event: 2.573 Thread 0x0000000003144800 Uncommon trap: reason=unstable_if action=reinterpret pc=0x00000000037440f0 method=java.util.Arrays.equals([B[B)Z @ 12
Event: 3.090 Thread 0x0000000003144800 Uncommon trap: reason=unstable_if action=reinterpret pc=0x0000000003570434 method=com.sun.org.apache.xerces.internal.impl.XMLEntityScanner.checkBeforeLoad(Lcom/sun/xml/internal/stream/Entity$ScannedEntity;II)I @ 18
Event: 3.091 Thread 0x0000000003144800 Uncommon trap: reason=unstable_if action=reinterpret pc=0x00000000038268ec method=com.sun.org.apache.xerces.internal.impl.XMLEntityScanner.scanContent(Lcom/sun/org/apache/xerces/internal/xni/XMLString;)I @ 526
Event: 3.126 Thread 0x0000000003144800 Uncommon trap: reason=unstable_if action=reinterpret pc=0x000000000384baec method=java.util.regex.Pattern$Ctype.isSatisfiedBy(I)Z @ 4
Event: 3.251 Thread 0x0000000003144800 Uncommon trap: reason=unstable_if action=reinterpret pc=0x000000000387b51c method=java.lang.AbstractStringBuilder.append(Ljava/lang/CharSequence;)Ljava/lang/AbstractStringBuilder; @ 13
Event: 3.662 Thread 0x0000000003144800 Uncommon trap: reason=unstable_if action=reinterpret pc=0x00000000038c35d4 method=com.sun.org.apache.xerces.internal.impl.XMLEntityScanner.scanContent(Lcom/sun/org/apache/xerces/internal/xni/XMLString;)I @ 418
Event: 4.250 Thread 0x0000000003144800 Uncommon trap: reason=unstable_if action=reinterpret pc=0x00000000039667b4 method=com.sun.org.apache.xerces.internal.impl.XMLEntityScanner.scanQName(Lcom/sun/org/apache/xerces/internal/xni/QName;Lcom/sun/org/apache/xerces/internal/impl/XMLScanner$NameType
Event: 4.539 Thread 0x0000000003144800 Uncommon trap: reason=unstable_if action=reinterpret pc=0x000000000395aa00 method=com.sun.org.apache.xerces.internal.impl.XMLDocumentFragmentScannerImpl$FragmentContentDriver.next()I @ 823
Event: 5.404 Thread 0x0000000003144800 Uncommon trap: reason=unstable_if action=reinterpret pc=0x00000000038372cc method=com.sun.org.apache.xerces.internal.util.SymbolTable.addSymbol([CII)Ljava/lang/String; @ 64
Event: 5.421 Thread 0x0000000003144800 Uncommon trap: reason=unstable_if action=reinterpret pc=0x0000000003a063c8 method=com.sun.org.apache.xerces.internal.impl.xpath.regex.RangeToken.match(I)Z @ 4

Classes redefined (0 events):
No events

Internal exceptions (10 events):
Event: 1.454 Thread 0x0000000003144800 Exception <a 'sun/nio/fs/WindowsException'> (0x00000000ebc76258) thrown at [C:\Users\jenkins\workspace\openjdk8_build_x86-64_windows\openjdk\hotspot\src\share\vm\prims\jni.cpp, line 709]
Event: 1.454 Thread 0x0000000003144800 Exception <a 'sun/nio/fs/WindowsException'> (0x00000000ebc76988) thrown at [C:\Users\jenkins\workspace\openjdk8_build_x86-64_windows\openjdk\hotspot\src\share\vm\prims\jni.cpp, line 709]
Event: 2.573 Thread 0x0000000003144800 Implicit null exception at 0x0000000003743f98 to 0x00000000037440dd
Event: 2.784 Thread 0x0000000003144800 Exception <a 'java/lang/ClassNotFoundException': com/sun/org/glassfish/hk2/osgiresourcelocator/ServiceLoader> (0x00000000ebd844e0) thrown at [C:\Users\jenkins\workspace\openjdk8_build_x86-64_windows\openjdk\hotspot\src\share\vm\classfile\systemDictionary.
Event: 2.976 Thread 0x0000000003144800 Exception <a 'java/lang/ClassNotFoundException': com/sun/org/glassfish/hk2/osgiresourcelocator/ServiceLoader> (0x00000000ebfb85d8) thrown at [C:\Users\jenkins\workspace\openjdk8_build_x86-64_windows\openjdk\hotspot\src\share\vm\classfile\systemDictionary.
Event: 5.285 Thread 0x0000000003144800 Exception <a 'java/lang/ClassNotFoundException': com/sun/org/glassfish/hk2/osgiresourcelocator/ServiceLoader> (0x00000000ec89ae80) thrown at [C:\Users\jenkins\workspace\openjdk8_build_x86-64_windows\openjdk\hotspot\src\share\vm\classfile\systemDictionary.
Event: 5.421 Thread 0x0000000003144800 Implicit null exception at 0x0000000003a06310 to 0x0000000003a063b1
Event: 5.768 Thread 0x0000000003144800 Exception <a 'sun/nio/fs/WindowsException'> (0x00000000ec6e0d50) thrown at [C:\Users\jenkins\workspace\openjdk8_build_x86-64_windows\openjdk\hotspot\src\share\vm\prims\jni.cpp, line 709]
Event: 5.768 Thread 0x0000000003144800 Exception <a 'sun/nio/fs/WindowsException'> (0x00000000ec6e1258) thrown at [C:\Users\jenkins\workspace\openjdk8_build_x86-64_windows\openjdk\hotspot\src\share\vm\prims\jni.cpp, line 709]
Event: 5.913 Thread 0x0000000003144800 Exception <a 'java/lang/ClassNotFoundException': com/sun/org/glassfish/hk2/osgiresourcelocator/ServiceLoader> (0x00000000ec711fe8) thrown at [C:\Users\jenkins\workspace\openjdk8_build_x86-64_windows\openjdk\hotspot\src\share\vm\classfile\systemDictionary.

Events (10 events):
Event: 5.464 Thread 0x0000000003144800 DEOPT PACKING pc=0x00000000038e507f sp=0x000000000313e3b0
Event: 5.464 Thread 0x0000000003144800 DEOPT UNPACKING pc=0x00000000032871d0 sp=0x000000000313e070 mode 0
Event: 5.748 Thread 0x0000000003144800 DEOPT PACKING pc=0x00000000038e5068 sp=0x000000000313e350
Event: 5.748 Thread 0x0000000003144800 DEOPT UNPACKING pc=0x00000000032871d0 sp=0x000000000313e010 mode 0
Event: 5.768 loading class com/android/repository/api/ProgressIndicator
Event: 5.768 loading class com/android/repository/api/ProgressIndicator done
Event: 5.769 loading class com/google/common/collect/Collections2
Event: 5.769 loading class com/google/common/collect/Collections2 done
Event: 5.913 loading class com/sun/org/glassfish/hk2/osgiresourcelocator/ServiceLoader
Event: 5.913 loading class com/sun/org/glassfish/hk2/osgiresourcelocator/ServiceLoader done


Dynamic libraries:
0x00007ff6bf6b0000 - 0x00007ff6bf6e5000 	C:\Program1\Unity\2020.3.22f1\Editor\Data\PlaybackEngines\AndroidPlayer\OpenJDK\bin\java.exe
0x00007ffb157c0000 - 0x00007ffb159c9000 	C:\WINDOWS\SYSTEM32\ntdll.dll
0x00007ffb15390000 - 0x00007ffb1544d000 	C:\WINDOWS\System32\KERNEL32.DLL
0x00007ffb12f90000 - 0x00007ffb13309000 	C:\WINDOWS\System32\KERNELBASE.dll
0x00007ffb154d0000 - 0x00007ffb1557e000 	C:\WINDOWS\System32\ADVAPI32.dll
0x00007ffb14ba0000 - 0x00007ffb14c43000 	C:\WINDOWS\System32\msvcrt.dll
0x00007ffb14f20000 - 0x00007ffb14fbe000 	C:\WINDOWS\System32\sechost.dll
0x00007ffb15580000 - 0x00007ffb156a0000 	C:\WINDOWS\System32\RPCRT4.dll
0x00007ffb14660000 - 0x00007ffb1480c000 	C:\WINDOWS\System32\USER32.dll
0x00007ffb134c0000 - 0x00007ffb134e6000 	C:\WINDOWS\System32\win32u.dll
0x00007ffb156a0000 - 0x00007ffb156c9000 	C:\WINDOWS\System32\GDI32.dll
0x00007ffb12dd0000 - 0x00007ffb12ee2000 	C:\WINDOWS\System32\gdi32full.dll
0x00007ffb12ef0000 - 0x00007ffb12f8d000 	C:\WINDOWS\System32\msvcp_win.dll
0x00007ffb12cb0000 - 0x00007ffb12dc1000 	C:\WINDOWS\System32\ucrtbase.dll
0x00007ffb00270000 - 0x00007ffb00515000 	C:\WINDOWS\WinSxS\amd64_microsoft.windows.common-controls_6595b64144ccf1df_6.0.22000.120_none_9d947278b86cc467\COMCTL32.dll
0x00007ffb14ee0000 - 0x00007ffb14f11000 	C:\WINDOWS\System32\IMM32.DLL
0x0000000069dc0000 - 0x0000000069e92000 	C:\Program1\Unity\2020.3.22f1\Editor\Data\PlaybackEngines\AndroidPlayer\OpenJDK\jre\bin\msvcr100.dll
0x0000000069570000 - 0x0000000069db9000 	C:\Program1\Unity\2020.3.22f1\Editor\Data\PlaybackEngines\AndroidPlayer\OpenJDK\jre\bin\server\jvm.dll
0x00007ffb14810000 - 0x00007ffb14818000 	C:\WINDOWS\System32\PSAPI.DLL
0x00007ffb0a100000 - 0x00007ffb0a133000 	C:\WINDOWS\SYSTEM32\WINMM.dll
0x00007ffacc100000 - 0x00007ffacc109000 	C:\WINDOWS\SYSTEM32\WSOCK32.dll
0x00007ffb13660000 - 0x00007ffb136cf000 	C:\WINDOWS\System32\WS2_32.dll
0x00007ffb09350000 - 0x00007ffb0935a000 	C:\WINDOWS\SYSTEM32\VERSION.dll
0x00007ffaf4500000 - 0x00007ffaf450f000 	C:\Program1\Unity\2020.3.22f1\Editor\Data\PlaybackEngines\AndroidPlayer\OpenJDK\jre\bin\verify.dll
0x00007ffaf44d0000 - 0x00007ffaf44f9000 	C:\Program1\Unity\2020.3.22f1\Editor\Data\PlaybackEngines\AndroidPlayer\OpenJDK\jre\bin\java.dll
0x00007ffaf44b0000 - 0x00007ffaf44c6000 	C:\Program1\Unity\2020.3.22f1\Editor\Data\PlaybackEngines\AndroidPlayer\OpenJDK\jre\bin\zip.dll
0x00007ffb138a0000 - 0x00007ffb1404f000 	C:\WINDOWS\System32\SHELL32.dll
0x00007ffb10cc0000 - 0x00007ffb11528000 	C:\WINDOWS\SYSTEM32\windows.storage.dll
0x00007ffb14820000 - 0x00007ffb14b98000 	C:\WINDOWS\System32\combase.dll
0x00007ffb10b50000 - 0x00007ffb10cb6000 	C:\WINDOWS\SYSTEM32\wintypes.dll
0x00007ffb150c0000 - 0x00007ffb151aa000 	C:\WINDOWS\System32\SHCORE.dll
0x00007ffb15470000 - 0x00007ffb154cd000 	C:\WINDOWS\System32\shlwapi.dll
0x00007ffb12be0000 - 0x00007ffb12c01000 	C:\WINDOWS\SYSTEM32\profapi.dll
0x00007ffafb520000 - 0x00007ffafb53a000 	C:\Program1\Unity\2020.3.22f1\Editor\Data\PlaybackEngines\AndroidPlayer\OpenJDK\jre\bin\net.dll
0x00007ffb121e0000 - 0x00007ffb12247000 	C:\WINDOWS\system32\mswsock.dll
0x00007ffafb500000 - 0x00007ffafb511000 	C:\Program1\Unity\2020.3.22f1\Editor\Data\PlaybackEngines\AndroidPlayer\OpenJDK\jre\bin\nio.dll
0x00007ffb0fbd0000 - 0x00007ffb0fbf4000 	C:\Program1\Unity\2020.3.22f1\Editor\Data\PlaybackEngines\AndroidPlayer\OpenJDK\jre\bin\sunec.dll
0x00007ffb12420000 - 0x00007ffb12438000 	C:\WINDOWS\SYSTEM32\CRYPTSP.dll
0x00007ffb11d10000 - 0x00007ffb11d45000 	C:\WINDOWS\system32\rsaenh.dll
0x00007ffb122d0000 - 0x00007ffb122f9000 	C:\WINDOWS\SYSTEM32\USERENV.dll
0x00007ffb12610000 - 0x00007ffb12637000 	C:\WINDOWS\SYSTEM32\bcrypt.dll
0x00007ffb13310000 - 0x00007ffb1338f000 	C:\WINDOWS\System32\bcryptprimitives.dll
0x00007ffb12590000 - 0x00007ffb1259c000 	C:\WINDOWS\SYSTEM32\CRYPTBASE.dll
0x00007ffb118e0000 - 0x00007ffb1190d000 	C:\WINDOWS\SYSTEM32\IPHLPAPI.DLL
0x00007ffb14fc0000 - 0x00007ffb14fc9000 	C:\WINDOWS\System32\NSI.dll
0x00007ffb0a4c0000 - 0x00007ffb0a4d9000 	C:\WINDOWS\SYSTEM32\dhcpcsvc6.DLL
0x00007ffb0b860000 - 0x00007ffb0b87e000 	C:\WINDOWS\SYSTEM32\dhcpcsvc.DLL
0x00007ffb11950000 - 0x00007ffb11a38000 	C:\WINDOWS\SYSTEM32\DNSAPI.dll
0x00007ffb00f10000 - 0x00007ffb00f1b000 	C:\Program1\Unity\2020.3.22f1\Editor\Data\PlaybackEngines\AndroidPlayer\OpenJDK\jre\bin\sunmscapi.dll
0x00007ffb134f0000 - 0x00007ffb13652000 	C:\WINDOWS\System32\CRYPT32.dll
0x00007ffb02ee0000 - 0x00007ffb02eea000 	C:\Windows\System32\rasadhlp.dll
0x00007ffb04860000 - 0x00007ffb048e1000 	C:\WINDOWS\System32\fwpuclnt.dll

VM Arguments:
jvm_args: -Dfile.encoding=UTF-8 -Dcom.android.sdklib.toolsdir=C:\Program1\Unity\2020.3.22f1\Editor\Data\PlaybackEngines\AndroidPlayer\SDK\tools\bin\\.. 
java_command: com.android.sdklib.tool.sdkmanager.SdkManagerCli --list
java_class_path (initial): C:\Program1\Unity\2020.3.22f1\Editor\Data\PlaybackEngines\AndroidPlayer\SDK\tools\bin\..\lib\dvlib-26.0.0-dev.jar;C:\Program1\Unity\2020.3.22f1\Editor\Data\PlaybackEngines\AndroidPlayer\SDK\tools\bin\..\lib\jimfs-1.1.jar;C:\Program1\Unity\2020.3.22f1\Editor\Data\PlaybackEngines\AndroidPlayer\SDK\tools\bin\..\lib\jsr305-1.3.9.jar;C:\Program1\Unity\2020.3.22f1\Editor\Data\PlaybackEngines\AndroidPlayer\SDK\tools\bin\..\lib\repository-26.0.0-dev.jar;C:\Program1\Unity\2020.3.22f1\Editor\Data\PlaybackEngines\AndroidPlayer\SDK\tools\bin\..\lib\j2objc-annotations-1.1.jar;C:\Program1\Unity\2020.3.22f1\Editor\Data\PlaybackEngines\AndroidPlayer\SDK\tools\bin\..\lib\layoutlib-api-26.0.0-dev.jar;C:\Program1\Unity\2020.3.22f1\Editor\Data\PlaybackEngines\AndroidPlayer\SDK\tools\bin\..\lib\gson-2.3.jar;C:\Program1\Unity\2020.3.22f1\Editor\Data\PlaybackEngines\AndroidPlayer\SDK\tools\bin\..\lib\httpcore-4.2.5.jar;C:\Program1\Unity\2020.3.22f1\Editor\Data\PlaybackEngines\AndroidPlayer\SDK\tools\bin\..\lib\commons-logging-1.1.1.jar;C:\Program1\Unity\2020.3.22f1\Editor\Data\PlaybackEngines\AndroidPlayer\SDK\tools\bin\..\lib\commons-compress-1.12.jar;C:\Program1\Unity\2020.3.22f1\Editor\Data\PlaybackEngines\AndroidPlayer\SDK\tools\bin\..\lib\annotations-26.0.0-dev.jar;C:\Program1\Unity\2020.3.22f1\Editor\Data\PlaybackEngines\AndroidPlayer\SDK\tools\bin\..\lib\error_prone_annotations-2.0.18.jar;C:\Program1\Unity\2020.3.22f1\Editor\Data\PlaybackEngines\AndroidPlayer\SDK\tools\bin\..\lib\animal-sniffer-annotations-1.14.jar;C:\Program1\Unity\2020.3.22f1\Editor\Data\PlaybackEngines\AndroidPlayer\SDK\tools\bin\..\lib\httpclient-4.2.6.jar;C:\Program1\Unity\2020.3.22f1\Editor\Data\PlaybackEngines\AndroidPlayer\SDK\tools\bin\..\lib\commons-codec-1.6.jar;C:\Program1\Unity\2020.3.22f1\Editor\Data\PlaybackEngines\AndroidPlayer\SDK\tools\bin\..\lib\common-26.0.0-dev.jar;C:\Program1\Unity\2020.3.22f1\Editor\Data\PlaybackEngines\AndroidPlayer\SDK\tools\bin\..\lib\kxml2-2.3
Launcher Type: SUN_STANDARD

Environment Variables:
JAVA_HOME=C:\Program1\Unity\2020.3.22f1\Editor\Data\PlaybackEngines\AndroidPlayer\OpenJDK
JAVA_TOOL_OPTIONS=-Dfile.encoding=UTF-8
PATH=C:\Program Files\ImageMagick-7.0.11-Q16-HDRI;C:\WINDOWS\system32;C:\WINDOWS;C:\WINDOWS\System32\Wbem;C:\WINDOWS\System32\WindowsPowerShell\v1.0\;C:\WINDOWS\System32\OpenSSH\;C:\Program Files\dotnet\;C:\Program Files\MySQL\MySQL Shell 8.0\bin\;C:\Users\WE ARE LEGION\AppData\Local\Programs\Python\Python39\Scripts\;C:\Users\WE ARE LEGION\AppData\Local\Programs\Python\Python39\;C:\Users\WE ARE LEGION\AppData\Local\Microsoft\WindowsApps;C:\Users\WE ARE LEGION\.dotnet\tools;C:\Users\WE ARE LEGION\AppData\Local\GitHubDesktop\bin
USERNAME=WE ARE LEGION
OS=Windows_NT
PROCESSOR_IDENTIFIER=Intel64 Family 6 Model 122 Stepping 1, GenuineIntel



---------------  S Y S T E M  ---------------

OS: Windows 10.0 , 64 bit Build 22000 (10.0.22000.675)

CPU:total 4 (initial active 4) (4 cores per cpu, 1 threads per core) family 6 model 122 stepping 1, cmov, cx8, fxsr, mmx, sse, sse2, sse3, ssse3, sse4.1, sse4.2, popcnt, aes, clmul, erms, 3dnowpref, tsc, tscinvbit

Memory: 4k page, physical 4012684k(336124k free), swap 8206988k(8264k free)

vm_info: OpenJDK 64-Bit Server VM (25.71-b00) for windows-amd64 JRE (1.8.0-adoptopenjdk-_2018_05_19_00_59-b00), built on May 19 2018 01:02:12 by "jenkins" with MS VC++ 10.0 (VS2010)

time: Sat May 28 13:55:54 2022
elapsed time: 5 seconds (0d 0h 0m 5s)

